{
  "RSpec": {
    "coverage": {
      "/Users/Mario/Flatiron/Labs/phase_0/tic-tac-toe-rb/lib/tic_tac_toe.rb": [
        null,
        1,
        null,
        null,
        null,
        null,
        null,
        null,
        null,
        null,
        null,
        1,
        17,
        17,
        17,
        17,
        17,
        null,
        null,
        1,
        17,
        null,
        null,
        1,
        17,
        null,
        null,
        null,
        1,
        17,
        null,
        null,
        1,
        17,
        null,
        null,
        1,
        17,
        17,
        17,
        17,
        17,
        17,
        null,
        0,
        null,
        null,
        null,
        null,
        null,
        1,
        0,
        0,
        0,
        0,
        null,
        null,
        null,
        null,
        1,
        null,
        17,
        null,
        17,
        153,
        26,
        null,
        null,
        17,
        null,
        null,
        1,
        17,
        17,
        11,
        6,
        null,
        17,
        null,
        null,
        1,
        null,
        43,
        null,
        287,
        null,
        null,
        null,
        9,
        null,
        278,
        null,
        null,
        null,
        3,
        null,
        null,
        null,
        275,
        null,
        null,
        null,
        null,
        null,
        null,
        null,
        null,
        null,
        null,
        1,
        null,
        26,
        null,
        22,
        null,
        null,
        null,
        4,
        null,
        null,
        null,
        null,
        null,
        null,
        null,
        null,
        null,
        null,
        null,
        1,
        null,
        21,
        null,
        4,
        null,
        null,
        null,
        17,
        null,
        null,
        null,
        null,
        null,
        null,
        null,
        null,
        1,
        null,
        18,
        null,
        null,
        null,
        null,
        null,
        null,
        1,
        null,
        4,
        null,
        13,
        null,
        3,
        null,
        10,
        null,
        1,
        null,
        null,
        null,
        9,
        null,
        null,
        null,
        null,
        null,
        null,
        null,
        null,
        null,
        null,
        1,
        null,
        12,
        null,
        17,
        null,
        null,
        null,
        12,
        null,
        5,
        null,
        7,
        null,
        3,
        null,
        null,
        null,
        null
      ]
    },
    "timestamp": 1655133408
  }
}
